<?xml version="1.0" encoding="UTF-8"?>
<testng-results ignored="0" total="2" passed="2" failed="0" skipped="0">
  <reporter-output>
  </reporter-output>
  <suite started-at="2019-03-28T02:49:25Z" name="Suite" finished-at="2019-03-28T02:49:43Z" duration-ms="17199">
    <groups>
    </groups>
    <test started-at="2019-03-28T02:49:25Z" name="EyeEm Test" finished-at="2019-03-28T02:49:43Z" duration-ms="17199">
      <class name="Eyeem_test">
        <test-method is-config="true" signature="setup()[pri:0, instance:Eyeem_test@6a6cb05c]" started-at="2019-03-27T20:49:25Z" name="setup" finished-at="2019-03-27T20:49:33Z" duration-ms="7238" status="PASS">
          <reporter-output>
          </reporter-output>
        </test-method> <!-- setup -->
        <test-method signature="SimpleTest()[pri:0, instance:Eyeem_test@6a6cb05c]" started-at="2019-03-27T20:49:33Z" name="SimpleTest" finished-at="2019-03-27T20:49:41Z" duration-ms="8379" status="PASS">
          <reporter-output>
          </reporter-output>
        </test-method> <!-- SimpleTest -->
        <test-method signature="SimpleTest2()[pri:1, instance:Eyeem_test@6a6cb05c]" started-at="2019-03-27T20:49:41Z" name="SimpleTest2" finished-at="2019-03-27T20:49:41Z" duration-ms="299" status="PASS">
          <reporter-output>
          </reporter-output>
        </test-method> <!-- SimpleTest2 -->
        <test-method is-config="true" signature="Flush()[pri:0, instance:Eyeem_test@6a6cb05c]" started-at="2019-03-27T20:49:41Z" name="Flush" finished-at="2019-03-27T20:49:43Z" duration-ms="1266" status="PASS">
          <reporter-output>
          </reporter-output>
        </test-method> <!-- Flush -->
      </class> <!-- Eyeem_test -->
    </test> <!-- EyeEm Test -->
  </suite> <!-- Suite -->
</testng-results>
